#
# There is insufficient memory for the Java Runtime Environment to continue.
# Native memory allocation (mmap) failed to map 65536 bytes for Failed to commit metaspace.
# Possible reasons:
#   The system is out of physical RAM or swap space
#   The process is running with CompressedOops enabled, and the Java Heap may be blocking the growth of the native heap
# Possible solutions:
#   Reduce memory load on the system
#   Increase physical memory or swap space
#   Check if swap backing store is full
#   Decrease Java heap size (-Xmx/-Xms)
#
#  Out of Memory Error, pid=3864]
V  [jvm.dll+0x7f5fee]
V  [jvm.dll+0x7f66a3]
V  [jvm.dll+0x25cf1f]
V  [jvm.dll+0x7f03eb]
V  [jvm.dll+0x63f526]
V  [jvm.dll+0x63f58a]
V  [jvm.dll+0x641e0e]
V  [jvm.dll+0x641cce]
V  [jvm.dll+0x63feee]
V  [jvm.dll+0x38e1f2]
V  [jvm.dll+0x1fa60b]
V  [jvm.dll+0x55dc2e]
V  [jvm.dll+0x209c17]
V  [jvm.dll+0x76dd8d]
V  [jvm.dll+0x76f0c6]
V  [jvm.dll+0x76f3f8]
V  [jvm.dll+0x255346]
V  [jvm.dll+0x3a13de]
C  0x00000186e1d8b7f7

Java frames: (J=compiled Java code, j=interpreted, Vv=VM code)
j  java.lang.Throwable.printStackTrace(Ljava/io/PrintStream;)V+1 java.base@18.0.2.1
j  java.lang.ThreadGroup.uncaughtException(Ljava/lang/Thread;Ljava/lang/Throwable;)V+82 java.base@18.0.2.1
j  java.lang.ThreadGroup.uncaughtException(Ljava/lang/Thread;Ljava/lang/Throwable;)V+13 java.base@18.0.2.1
j  java.lang.Thread.dispatchUncaughtException(Ljava/lang/Throwable;)V+6 java.base@18.0.2.1
v  ~StubRoutines::call_stub

---------------  P R O C E S S  ---------------

Threads class SMR info:
_java_thread_list=0x00000186ff7cdc60, length=31, elements={
0x00000186f782b2f0, 0x00000186f782bc90, 0x00000186f7842560, 0x00000186f7842f00,
0x00000186f78438a0, 0x00000186f7844240, 0x00000186f7849330, 0x00000186f784bd20,
0x00000186f784c700, 0x00000186fc0e6620, 0x00000186fc0edef0, 0x00000186fe2e9560,
0x00000186fe2e7d50, 0x00000186ffb104c0, 0x00000186ff9a6ea0, 0x00000186ff9a5b60,
0x00000186ff9a7840, 0x00000186ff9a6500, 0x00000186ff9a9050, 0x00000186ff9a4cf0,
0x00000186ff9a3e80, 0x00000186ff9a7370, 0x00000186ff9a5690, 0x00000186ff9a7d10,
0x00000186ff9aa860, 0x00000186ff9a3010, 0x00000186ff9a8b80, 0x00000186ff9aa390,
0x00000186ff9a6030, 0x00000186ff9a69d0, 0x00000186ff9a86b0
}

Java Threads: ( => current thread )
  0x00000186f782b2f0 JavaThread "Reference Handler" daemon [_thread_blocked, id=18780, stack(0x0000001534600000,0x0000001534700000)]
  0x00000186f782bc90 JavaThread "Finalizer" daemon [_thread_blocked, id=856, stack(0x0000001534700000,0x0000001534800000)]
  0x00000186f7842560 JavaThread "Signal Dispatcher" daemon [_thread_blocked, id=18424, stack(0x0000001534800000,0x0000001534900000)]
  0x00000186f7842f00 JavaThread "Attach Listener" daemon [_thread_blocked, id=16888, stack(0x0000001534900000,0x0000001534a00000)]
  0x00000186f78438a0 JavaThread "Service Thread" daemon [_thread_blocked, id=17484, stack(0x0000001534a00000,0x0000001534b00000)]
  0x00000186f7844240 JavaThread "Monitor Deflation Thread" daemon [_thread_blocked, id=10868, stack(0x0000001534b00000,0x0000001534c00000)]
  0x00000186f7849330 JavaThread "C2 CompilerThread0" daemon [_thread_blocked, id=20856, stack(0x0000001534c00000,0x0000001534d00000)]
  0x00000186f784bd20 JavaThread "C1 CompilerThread0" daemon [_thread_blocked, id=14156, stack(0x0000001534d00000,0x0000001534e00000)]
  0x00000186f784c700 JavaThread "Sweeper thread" daemon [_thread_blocked, id=10916, stack(0x0000001534e00000,0x0000001534f00000)]
  0x00000186fc0e6620 JavaThread "Notification Thread" daemon [_thread_blocked, id=5180, stack(0x0000001534f00000,0x0000001535000000)]
  0x00000186fc0edef0 JavaThread "Common-Cleaner" daemon [_thread_blocked, id=10932, stack(0x0000001535100000,0x0000001535200000)]
  0x00000186fe2e9560 JavaThread "mysql-cj-abandoned-connection-cleanup" daemon [_thread_blocked, id=7932, stack(0x0000001535f00000,0x0000001536000000)]
  0x00000186fe2e7d50 JavaThread "Live Reload Server" daemon [_thread_in_native, id=10880, stack(0x0000001536500000,0x0000001536600000)]
  0x00000186ffb104c0 JavaThread "DestroyJavaVM" [_thread_blocked, id=1204, stack(0x0000001533f00000,0x0000001534000000)]
  0x00000186ff9a6ea0 JavaThread "Catalina-utility-1" [_thread_blocked, id=16896, stack(0x0000001535400000,0x0000001535500000)]
  0x00000186ff9a5b60 JavaThread "Catalina-utility-2" [_thread_blocked, id=15028, stack(0x0000001535c00000,0x0000001535d00000)]
  0x00000186ff9a7840 JavaThread "container-0" [_thread_blocked, id=7616, stack(0x0000001535d00000,0x0000001535e00000)]
  0x00000186ff9a6500 JavaThread "HikariPool-6 housekeeper" daemon [_thread_blocked, id=22008, stack(0x0000001535e00000,0x0000001535f00000)]
=>0x00000186ff9a9050 JavaThread "File Watcher" daemon [_thread_in_vm, id=9616, stack(0x0000001536000000,0x0000001536100000)]
  0x00000186ff9a4cf0 JavaThread "http-nio-8080-exec-1" daemon [_thread_blocked, id=22096, stack(0x0000001536100000,0x0000001536200000)]
  0x00000186ff9a3e80 JavaThread "http-nio-8080-exec-2" daemon [_thread_blocked, id=16704, stack(0x0000001536200000,0x0000001536300000)]
  0x00000186ff9a7370 JavaThread "http-nio-8080-exec-3" daemon [_thread_blocked, id=12448, stack(0x0000001536300000,0x0000001536400000)]
  0x00000186ff9a5690 JavaThread "http-nio-8080-exec-4" daemon [_thread_blocked, id=20816, stack(0x0000001536400000,0x0000001536500000)]
  0x00000186ff9a7d10 JavaThread "http-nio-8080-exec-5" daemon [_thread_blocked, id=10988, stack(0x0000001536600000,0x0000001536700000)]
  0x00000186ff9aa860 JavaThread "http-nio-8080-exec-6" daemon [_thread_blocked, id=17480, stack(0x0000001536700000,0x0000001536800000)]
  0x00000186ff9a3010 JavaThread "http-nio-8080-exec-7" daemon [_thread_blocked, id=16624, stack(0x0000001536800000,0x0000001536900000)]
  0x00000186ff9a8b80 JavaThread "http-nio-8080-exec-8" daemon [_thread_blocked, id=13484, stack(0x0000001536900000,0x0000001536a00000)]
  0x00000186ff9aa390 JavaThread "http-nio-8080-exec-9" daemon [_thread_blocked, id=13948, stack(0x0000001536a00000,0x0000001536b00000)]
  0x00000186ff9a6030 JavaThread "http-nio-8080-exec-10" daemon [_thread_blocked, id=13900, stack(0x0000001536b00000,0x0000001536c00000)]
  0x00000186ff9a69d0 JavaThread "http-nio-8080-Poller" daemon [_thread_in_native, id=18668, stack(0x0000001536c00000,0x0000001536d00000)]
  0x00000186ff9a86b0 JavaThread "http-nio-8080-Acceptor" daemon [_thread_in_native, id=12332, stack(0x0000001536d00000,0x0000001536e00000)]

Other Threads:
  0x00000186f7825840 VMThread "VM Thread" [stack: 0x0000001534500000,0x0000001534600000] [id=8876] _threads_hazard_ptr=0x00000186ff7cdc60
  0x00000186f7814ee0 WatcherThread "VM Periodic Task Thread" [stack: 0x0000001535000000,0x0000001535100000] [id=22472]
  0x00000186da4a98a0 WorkerThread "GC Thread#0" [stack: 0x0000001534000000,0x0000001534100000] [id=19496]
  0x00000186fc9a4bb0 WorkerThread "GC Thread#1" [stack: 0x0000001535500000,0x0000001535600000] [id=18104]
  0x00000186fcbc87d0 WorkerThread "GC Thread#2" [stack: 0x0000001535600000,0x0000001535700000] [id=20912]
  0x00000186fcbf2780 WorkerThread "GC Thread#3" [stack: 0x0000001535700000,0x0000001535800000] [id=12384]
  0x00000186fcbe8e50 WorkerThread "GC Thread#4" [stack: 0x0000001535800000,0x0000001535900000] [id=10388]
  0x00000186fcbe8670 WorkerThread "GC Thread#5" [stack: 0x0000001535900000,0x0000001535a00000] [id=12404]
  0x00000186da4b9130 ConcurrentGCThread "G1 Main Marker" [stack: 0x0000001534100000,0x0000001534200000] [id=1760]
  0x00000186da4b98c0 WorkerThread "G1 Conc#0" [stack: 0x0000001534200000,0x0000001534300000] [id=4396]
  0x00000186fcbe7bf0 WorkerThread "G1 Conc#1" [stack: 0x0000001535b00000,0x0000001535c00000] [id=10516]
  0x00000186da4ee420 ConcurrentGCThread "G1 Refine#0" [stack: 0x0000001534300000,0x0000001534400000] [id=21716]
  0x00000186fc4e41e0 ConcurrentGCThread "G1 Refine#1" [stack: 0x0000001535a00000,0x0000001535b00000] [id=11292]
  0x00000186da4eebd0 ConcurrentGCThread "G1 Service" [stack: 0x0000001534400000,0x0000001534500000] [id=768]

Threads with active compile tasks:

VM state: synchronizing (normal execution)

VM Mutex/Monitor currently owned by a thread:  ([mutex/lock_event])
[0x00000186da445e70] Metaspace_lock - owner thread: 0x00000186ff9a9050
[0x00000186da4470f0] Threads_lock - owner thread: 0x00000186f7825840

OutOfMemory and StackOverflow Exception counts:
OutOfMemoryError java_heap_errors=1
LinkageErrors=126

Heap address: 0x000000008a200000, size: 1886 MB, Compressed Oops mode: 32-bit

CDS archive(s) mapped at: [0x0000000800000000-0x0000000800ba0000-0x0000000800ba0000), size 12189696, SharedBaseAddress: 0x0000000800000000, ArchiveRelocationMode: 0.
Compressed class space mapped at: 0x0000000800c00000-0x0000000840c00000, reserved size: 1073741824
Narrow klass base: 0x0000000800000000, Narrow klass shift: 0, Narrow klass range: 0x100000000

GC Precious Log:
 CardTable entry size: 512
 Card Set container configuration: InlinePtr #cards 5 size 8 Array Of Cards #cards 12 size 40 Howl #buckets 4 coarsen threshold 1843 Howl Bitmap #cards 512 size 80 coarsen threshold 460 Card regions per heap region 1 cards per card region 2048
 CPUs: 6 total, 6 available
 Memory: 7541M
 Large Page Support: Disabled
 NUMA Support: Disabled
 Compressed Oops: Enabled (32-bit)
 Heap Region Size: 1M
 Heap Min Capacity: 8M
 Heap Initial Capacity: 118M
 Heap Max Capacity: 1886M
 Pre-touch: Disabled
 Parallel Workers: 6
 Concurrent Workers: 2
 Concurrent Refinement Workers: 6
 Periodic GC: Disabled

Heap:
 garbage-first heap   total 63488K, used 49285K [0x000000008a200000, 0x0000000100000000)
  region size 1024K, 28 young (28672K), 1 survivors (1024K)
 Metaspace       used 46739K, committed 47168K, reserved 1114112K
  class space    used 5843K, committed 6016K, reserved 1048576K

Heap Regions: E=young(eden), S=young(survivor), O=old, HS=humongous(starts), HC=humongous(continues), CS=collection set, F=free, OA=open archive, CA=closed archive, TAMS=top-at-mark-start (previous, next)
|   0|0x000000008a200000, 0x000000008a300000, 0x000000008a300000|100%|HS|  |TAMS 0x000000008a300000, 0x000000008a200000| Untracked 
|   1|0x000000008a300000, 0x000000008a400000, 0x000000008a400000|100%| O|  |TAMS 0x000000008a400000, 0x000000008a300000| Untracked 
|   2|0x000000008a400000, 0x000000008a4fffc0, 0x000000008a500000| 99%| O|  |TAMS 0x000000008a4fffc0, 0x000000008a400000| Untracked 
|   3|0x000000008a500000, 0x000000008a5fffa8, 0x000000008a600000| 99%| O|  |TAMS 0x000000008a5fffa8, 0x000000008a500000| Untracked 
|   4|0x000000008a600000, 0x000000008a700000, 0x000000008a700000|100%| O|  |TAMS 0x000000008a700000, 0x000000008a600000| Untracked 
|   5|0x000000008a700000, 0x000000008a800000, 0x000000008a800000|100%| O|  |TAMS 0x000000008a800000, 0x000000008a700000| Untracked 
|   6|0x000000008a800000, 0x000000008a8fffc0, 0x000000008a900000| 99%| O|  |TAMS 0x000000008a8fffc0, 0x000000008a800000| Untracked 
|   7|0x000000008a900000, 0x000000008a9ffff0, 0x000000008aa00000| 99%| O|  |TAMS 0x000000008a900000, 0x000000008a900000| Untracked 
|   8|0x000000008aa00000, 0x000000008aafffe8, 0x000000008ab00000| 99%| O|  |TAMS 0x000000008aafffe8, 0x000000008aa00000| Untracked 
|   9|0x000000008ab00000, 0x000000008abffff8, 0x000000008ac00000| 99%| O|  |TAMS 0x000000008abffff8, 0x000000008ab00000| Untracked 
|  10|0x000000008ac00000, 0x000000008acffff8, 0x000000008ad00000| 99%| O|  |TAMS 0x000000008acffff8, 0x000000008ac00000| Untracked 
|  11|0x000000008ad00000, 0x000000008adffff0, 0x000000008ae00000| 99%| O|  |TAMS 0x000000008adffff0, 0x000000008ad00000| Untracked 
|  12|0x000000008ae00000, 0x000000008aefffe0, 0x000000008af00000| 99%| O|  |TAMS 0x000000008aefffe0, 0x000000008ae00000| Untracked 
|  13|0x000000008af00000, 0x000000008affffe8, 0x000000008b000000| 99%| O|  |TAMS 0x000000008af00000, 0x000000008af00000| Untracked 
|  14|0x000000008b000000, 0x000000008b0fffc8, 0x000000008b100000| 99%| O|  |TAMS 0x000000008b000000, 0x000000008b000000| Untracked 
|  15|0x000000008b100000, 0x000000008b1fffa8, 0x000000008b200000| 99%| O|  |TAMS 0x000000008b100000, 0x000000008b100000| Untracked 
|  16|0x000000008b200000, 0x000000008b2fffd8, 0x000000008b300000| 99%| O|  |TAMS 0x000000008b200000, 0x000000008b200000| Untracked 
|  17|0x000000008b300000, 0x000000008b3684c0, 0x000000008b400000| 40%| O|  |TAMS 0x000000008b300000, 0x000000008b300000| Untracked 
|  18|0x000000008b400000, 0x000000008b500000, 0x000000008b500000|100%| O|  |TAMS 0x000000008b400000, 0x000000008b400000| Untracked 
|  19|0x000000008b500000, 0x000000008b54d940, 0x000000008b600000| 30%| O|  |TAMS 0x000000008b500000, 0x000000008b500000| Untracked 
|  20|0x000000008b600000, 0x000000008b700000, 0x000000008b700000|100%| O|  |TAMS 0x000000008b600000, 0x000000008b600000| Untracked 
|  21|0x000000008b700000, 0x000000008b747a50, 0x000000008b800000| 27%| O|  |TAMS 0x000000008b700000, 0x000000008b700000| Untracked 
|  22|0x000000008b800000, 0x000000008b87e3e8, 0x000000008b900000| 49%| O|  |TAMS 0x000000008b800000, 0x000000008b800000| Untracked 
|  23|0x000000008b900000, 0x000000008b9e5800, 0x000000008ba00000| 89%| O|  |TAMS 0x000000008b900000, 0x000000008b900000| Untracked 
|  24|0x000000008ba00000, 0x000000008ba00000, 0x000000008bb00000|  0%| F|  |TAMS 0x000000008ba00000, 0x000000008ba00000| Untracked 
|  25|0x000000008bb00000, 0x000000008bb00000, 0x000000008bc00000|  0%| F|  |TAMS 0x000000008bb00000, 0x000000008bb00000| Untracked 
|  26|0x000000008bc00000, 0x000000008bc00000, 0x000000008bd00000|  0%| F|  |TAMS 0x000000008bc00000, 0x000000008bc00000| Untracked 
|  27|0x000000008bd00000, 0x000000008bd00000, 0x000000008be00000|  0%| F|  |TAMS 0x000000008bd00000, 0x000000008bd00000| Untracked 
|  28|0x000000008be00000, 0x000000008be00000, 0x000000008bf00000|  0%| F|  |TAMS 0x000000008be00000, 0x000000008be00000| Untracked 
|  29|0x000000008bf00000, 0x000000008bf00000, 0x000000008c000000|  0%| F|  |TAMS 0x000000008bf00000, 0x000000008bf00000| Untracked 
|  30|0x000000008c000000, 0x000000008c000000, 0x000000008c100000|  0%| F|  |TAMS 0x000000008c000000, 0x000000008c000000| Untracked 
|  31|0x000000008c100000, 0x000000008c100000, 0x000000008c200000|  0%| F|  |TAMS 0x000000008c100000, 0x000000008c100000| Untracked 
|  32|0x000000008c200000, 0x000000008c200000, 0x000000008c300000|  0%| F|  |TAMS 0x000000008c200000, 0x000000008c200000| Untracked 
|  33|0x000000008c300000, 0x000000008c300000, 0x000000008c400000|  0%| F|  |TAMS 0x000000008c300000, 0x000000008c300000| Untracked 
|  34|0x000000008c400000, 0x000000008c4c04a0, 0x000000008c500000| 75%| S|CS|TAMS 0x000000008c400000, 0x000000008c400000| Complete 
|  35|0x000000008c500000, 0x000000008c500800, 0x000000008c600000|  0%| E|  |TAMS 0x000000008c500000, 0x000000008c500000| Complete 
|  36|0x000000008c600000, 0x000000008c700000, 0x000000008c700000|100%| E|CS|TAMS 0x000000008c600000, 0x000000008c600000| Complete 
|  37|0x000000008c700000, 0x000000008c800000, 0x000000008c800000|100%| E|CS|TAMS 0x000000008c700000, 0x000000008c700000| Complete 
|  38|0x000000008c800000, 0x000000008c900000, 0x000000008c900000|100%| E|CS|TAMS 0x000000008c800000, 0x000000008c800000| Complete 
|  39|0x000000008c900000, 0x000000008ca00000, 0x000000008ca00000|100%| E|CS|TAMS 0x000000008c900000, 0x000000008c900000| Complete 
|  40|0x000000008ca00000, 0x000000008cb00000, 0x000000008cb00000|100%| E|CS|TAMS 0x000000008ca00000, 0x000000008ca00000| Complete 
|  41|0x000000008cb00000, 0x000000008cc00000, 0x000000008cc00000|100%| E|CS|TAMS 0x000000008cb00000, 0x000000008cb00000| Complete 
|  42|0x000000008cc00000, 0x000000008cd00000, 0x000000008cd00000|100%| E|CS|TAMS 0x000000008cc00000, 0x000000008cc00000| Complete 
|  43|0x000000008cd00000, 0x000000008ce00000, 0x000000008ce00000|100%| E|CS|TAMS 0x000000008cd00000, 0x000000008cd00000| Complete 
|  44|0x000000008ce00000, 0x000000008cf00000, 0x000000008cf00000|100%| E|CS|TAMS 0x000000008ce00000, 0x000000008ce00000| Complete 
|  45|0x000000008cf00000, 0x000000008d000000, 0x000000008d000000|100%| E|CS|TAMS 0x000000008cf00000, 0x000000008cf00000| Complete 
|  46|0x000000008d000000, 0x000000008d100000, 0x000000008d100000|100%| E|CS|TAMS 0x000000008d000000, 0x000000008d000000| Complete 
|  47|0x000000008d100000, 0x000000008d200000, 0x000000008d200000|100%| E|CS|TAMS 0x000000008d100000, 0x000000008d100000| Complete 
|  48|0x000000008d200000, 0x000000008d300000, 0x000000008d300000|100%| E|CS|TAMS 0x000000008d200000, 0x000000008d200000| Complete 
|  49|0x000000008d300000, 0x000000008d400000, 0x000000008d400000|100%| E|CS|TAMS 0x000000008d300000, 0x000000008d300000| Complete 
|  50|0x000000008d400000, 0x000000008d500000, 0x000000008d500000|100%| E|CS|TAMS 0x000000008d400000, 0x000000008d400000| Complete 
|  51|0x000000008d500000, 0x000000008d600000, 0x000000008d600000|100%| E|CS|TAMS 0x000000008d500000, 0x000000008d500000| Complete 
|  52|0x000000008d600000, 0x000000008d700000, 0x000000008d700000|100%| E|CS|TAMS 0x000000008d600000, 0x000000008d600000| Complete 
|  53|0x000000008d700000, 0x000000008d800000, 0x000000008d800000|100%| E|CS|TAMS 0x000000008d700000, 0x000000008d700000| Complete 
|  54|0x000000008d800000, 0x000000008d900000, 0x000000008d900000|100%| E|CS|TAMS 0x000000008d800000, 0x000000008d800000| Complete 
|  55|0x000000008d900000, 0x000000008da00000, 0x000000008da00000|100%| E|CS|TAMS 0x000000008d900000, 0x000000008d900000| Complete 
|  56|0x000000008da00000, 0x000000008db00000, 0x000000008db00000|100%| E|CS|TAMS 0x000000008da00000, 0x000000008da00000| Complete 
|  57|0x000000008db00000, 0x000000008dc00000, 0x000000008dc00000|100%| E|CS|TAMS 0x000000008db00000, 0x000000008db00000| Complete 
|  58|0x000000008dc00000, 0x000000008dd00000, 0x000000008dd00000|100%| E|CS|TAMS 0x000000008dc00000, 0x000000008dc00000| Complete 
|  59|0x000000008dd00000, 0x000000008de00000, 0x000000008de00000|100%| E|CS|TAMS 0x000000008dd00000, 0x000000008dd00000| Complete 
|  60|0x000000008de00000, 0x000000008df00000, 0x000000008df00000|100%| E|CS|TAMS 0x000000008de00000, 0x000000008de00000| Complete 
| 117|0x0000000091700000, 0x0000000091800000, 0x0000000091800000|100%| E|CS|TAMS 0x0000000091700000, 0x0000000091700000| Complete 

Card table byte_map: [0x00000186f1230000,0x00000186f15e0000] _byte_map_base: 0x00000186f0ddf000

Marking Bits (Prev, Next): (CMBitMap*) 0x00000186da4a9c80, (CMBitMap*) 0x00000186da4a9c40
 Prev Bits: [0x00000186f3710000, 0x00000186f5488000)
 Next Bits: [0x00000186f1990000, 0x00000186f3708000)

Polling page: 0x00000186d8420000

Metaspace:

Usage:
  Non-class:     39.94 MB used.
      Class:      5.71 MB used.
       Both:     45.64 MB used.

Virtual space:
  Non-class space:       64.00 MB reserved,      40.19 MB ( 63%) committed,  1 nodes.
      Class space:        1.00 GB reserved,       5.88 MB ( <1%) committed,  1 nodes.
             Both:        1.06 GB reserved,      46.06 MB (  4%) committed. 

Chunk freelists:
   Non-Class:  3.58 MB
       Class:  2.02 MB
        Both:  5.60 MB

MaxMetaspaceSize: unlimited
CompressedClassSpaceSize: 1.00 GB
Initial GC threshold: 21.00 MB
Current GC threshold: 75.94 MB
CDS: on
MetaspaceReclaimPolicy: balanced
 - commit_granule_bytes: 65536.
 - commit_granule_words: 8192.
 - virtual_space_node_default_size: 8388608.
 - enlarge_chunks_in_place: 1.
 - new_chunks_are_fully_committed: 0.
 - uncommit_free_chunks: 1.
 - use_allocation_guard: 0.


Internal statistics:

num_allocs_failed_limit: 6.
num_arena_births: 736.
num_arena_deaths: 224.
num_vsnodes_births: 2.
num_vsnodes_deaths: 0.
num_space_committed: 737.
num_space_uncommitted: 0.
num_chunks_returned_to_freelist: 255.
num_chunks_taken_from_freelist: 2497.
num_chunk_merges: 57.
num_chunk_splits: 1674.
num_chunks_enlarged: 1312.
num_inconsistent_stats: 0.

CodeHeap 'non-profiled nmethods': size=120000Kb used=4780Kb max_used=4780Kb free=115219Kb
 bounds [0x00000186e9840000, 0x00000186e9cf0000, 0x00000186f0d70000]
CodeHeap 'profiled nmethods': size=120000Kb used=14387Kb max_used=14387Kb free=105612Kb
 bounds [0x00000186e2310000, 0x00000186e3120000, 0x00000186e9840000]
CodeHeap 'non-nmethods': size=5760Kb used=1269Kb max_used=1353Kb free=4490Kb
 bounds [0x00000186e1d70000, 0x00000186e1fe0000, 0x00000186e2310000]
 total_blobs=7357 nmethods=6786 adapters=483
 compilation: enabled
              stopped_count=0, restarted_count=0
 full_count=0

Compilation events (20 events):
Event: 100104.416 Thread 0x00000186f7849330 7648       4       java.util.concurrent.locks.AbstractQueuedSynchronizer::acquireInterruptibly (36 bytes)
Event: 100104.420 Thread 0x00000186f7849330 nmethod 7648 0x00000186e9ce5690 code [0x00000186e9ce5820, 0x00000186e9ce5a58]
Event: 100371.759 Thread 0x00000186f784bd20 7649       3       java.util.concurrent.ConcurrentSkipListMap::unlinkNode (69 bytes)
Event: 100371.761 Thread 0x00000186f784bd20 nmethod 7649 0x00000186e3119f90 code [0x00000186e311a360, 0x00000186e311be78]
Event: 100371.761 Thread 0x00000186f784bd20 7650       3       java.util.concurrent.ConcurrentSkipListMap::tryReduceLevel (78 bytes)
Event: 100371.762 Thread 0x00000186f784bd20 nmethod 7650 0x00000186e311c710 code [0x00000186e311c9e0, 0x00000186e311d968]
Event: 100519.522 Thread 0x00000186f784bd20 7651       3       java.net.Socket::getImpl (17 bytes)
Event: 100519.522 Thread 0x00000186f784bd20 nmethod 7651 0x00000186e311de90 code [0x00000186e311e040, 0x00000186e311e268]
Event: 102176.448 Thread 0x00000186f7849330 7652 % !   4       org.apache.tomcat.util.net.NioEndpoint$Poller::run @ 0 (260 bytes)
Event: 102176.465 Thread 0x00000186f7849330 nmethod 7652% 0x00000186e9ce5b90 code [0x00000186e9ce5e00, 0x00000186e9ce63b8]
Event: 102324.410 Thread 0x00000186f7849330 7653   !   4       java.lang.ThreadGroup::remove (94 bytes)
Event: 102324.414 Thread 0x00000186f7849330 nmethod 7653 0x00000186e9ce6b10 code [0x00000186e9ce6ca0, 0x00000186e9ce7118]
Event: 102384.247 Thread 0x00000186f7849330 7654       4       java.lang.System$2::encodeASCII (11 bytes)
Event: 102384.259 Thread 0x00000186f7849330 nmethod 7654 0x00000186e9ce7310 code [0x00000186e9ce7480, 0x00000186e9ce75f8]
Event: 102921.506 Thread 0x00000186f7849330 7655   !   4       java.util.concurrent.ScheduledThreadPoolExecutor$DelayedWorkQueue::take (203 bytes)
Event: 102921.562 Thread 0x00000186f7849330 nmethod 7655 0x00000186e9ce7690 code [0x00000186e9ce7920, 0x00000186e9ce92a0]
Event: 102951.508 Thread 0x00000186f7849330 7656   !   4       java.util.concurrent.ThreadPoolExecutor::getTask (177 bytes)
Event: 102951.523 Thread 0x00000186f7849330 nmethod 7656 0x00000186e9cea290 code [0x00000186e9cea4a0, 0x00000186e9cea960]
Event: 103108.906 Thread 0x00000186f7849330 7657 % !   4       org.springframework.boot.devtools.filewatch.FileSystemWatcher$Watcher::run @ 8 (55 bytes)
Event: 103108.915 Thread 0x00000186f7849330 nmethod 7657% 0x00000186e9ceae10 code [0x00000186e9ceafc0, 0x00000186e9ceb148]

GC Heap History (20 events):
Event: 91049.501 GC heap before
{Heap before GC invocations=92 (full 5):
 garbage-first heap   total 63488K, used 51178K [0x000000008a200000, 0x0000000100000000)
  region size 1024K, 29 young (29696K), 1 survivors (1024K)
 Metaspace       used 46717K, committed 47104K, reserved 1114112K
  class space    used 5842K, committed 6016K, reserved 1048576K
}
Event: 91049.502 GC heap after
{Heap after GC invocations=93 (full 5):
 garbage-first heap   total 63488K, used 22614K [0x000000008a200000, 0x0000000100000000)
  region size 1024K, 1 young (1024K), 1 survivors (1024K)
 Metaspace       used 46717K, committed 47104K, reserved 1114112K
  class space    used 5842K, committed 6016K, reserved 1048576K
}
Event: 92321.500 GC heap before
{Heap before GC invocations=93 (full 5):
 garbage-first heap   total 63488K, used 51286K [0x000000008a200000, 0x0000000100000000)
  region size 1024K, 29 young (29696K), 1 survivors (1024K)
 Metaspace       used 46717K, committed 47104K, reserved 1114112K
  class space    used 5842K, committed 6016K, reserved 1048576K
}
Event: 92321.501 GC heap after
{Heap after GC invocations=94 (full 5):
 garbage-first heap   total 63488K, used 22650K [0x000000008a200000, 0x0000000100000000)
  region size 1024K, 1 young (1024K), 1 survivors (1024K)
 Metaspace       used 46717K, committed 47104K, reserved 1114112K
  class space    used 5842K, committed 6016K, reserved 1048576K
}
Event: 93581.498 GC heap before
{Heap before GC invocations=94 (full 5):
 garbage-first heap   total 63488K, used 51322K [0x000000008a200000, 0x0000000100000000)
  region size 1024K, 29 young (29696K), 1 survivors (1024K)
 Metaspace       used 46717K, committed 47104K, reserved 1114112K
  class space    used 5842K, committed 6016K, reserved 1048576K
}
Event: 93581.499 GC heap after
{Heap after GC invocations=95 (full 5):
 garbage-first heap   total 63488K, used 22663K [0x000000008a200000, 0x0000000100000000)
  region size 1024K, 1 young (1024K), 1 survivors (1024K)
 Metaspace       used 46717K, committed 47104K, reserved 1114112K
  class space    used 5842K, committed 6016K, reserved 1048576K
}
Event: 94878.645 GC heap before
{Heap before GC invocations=95 (full 5):
 garbage-first heap   total 63488K, used 50311K [0x000000008a200000, 0x0000000100000000)
  region size 1024K, 28 young (28672K), 1 survivors (1024K)
 Metaspace       used 46717K, committed 47104K, reserved 1114112K
  class space    used 5842K, committed 6016K, reserved 1048576K
}
Event: 94878.657 GC heap after
{Heap after GC invocations=96 (full 5):
 garbage-first heap   total 63488K, used 22485K [0x000000008a200000, 0x0000000100000000)
  region size 1024K, 1 young (1024K), 1 survivors (1024K)
 Metaspace       used 46717K, committed 47104K, reserved 1114112K
  class space    used 5842K, committed 6016K, reserved 1048576K
}
Event: 96137.500 GC heap before
{Heap before GC invocations=96 (full 5):
 garbage-first heap   total 63488K, used 51157K [0x000000008a200000, 0x0000000100000000)
  region size 1024K, 29 young (29696K), 1 survivors (1024K)
 Metaspace       used 46718K, committed 47104K, reserved 1114112K
  class space    used 5842K, committed 6016K, reserved 1048576K
}
Event: 96137.501 GC heap after
{Heap after GC invocations=97 (full 5):
 garbage-first heap   total 63488K, used 22655K [0x000000008a200000, 0x0000000100000000)
  region size 1024K, 1 young (1024K), 1 survivors (1024K)
 Metaspace       used 46718K, committed 47104K, reserved 1114112K
  class space    used 5842K, committed 6016K, reserved 1048576K
}
Event: 97390.498 GC heap before
{Heap before GC invocations=97 (full 5):
 garbage-first heap   total 63488K, used 51327K [0x000000008a200000, 0x0000000100000000)
  region size 1024K, 29 young (29696K), 1 survivors (1024K)
 Metaspace       used 46723K, committed 47168K, reserved 1114112K
  class space    used 5842K, committed 6016K, reserved 1048576K
}
Event: 97390.510 GC heap after
{Heap after GC invocations=98 (full 5):
 garbage-first heap   total 63488K, used 22669K [0x000000008a200000, 0x0000000100000000)
  region size 1024K, 1 young (1024K), 1 survivors (1024K)
 Metaspace       used 46723K, committed 47168K, reserved 1114112K
  class space    used 5842K, committed 6016K, reserved 1048576K
}
Event: 98713.498 GC heap before
{Heap before GC invocations=98 (full 5):
 garbage-first heap   total 63488K, used 51341K [0x000000008a200000, 0x0000000100000000)
  region size 1024K, 29 young (29696K), 1 survivors (1024K)
 Metaspace       used 46723K, committed 47168K, reserved 1114112K
  class space    used 5842K, committed 6016K, reserved 1048576K
}
Event: 98713.500 GC heap after
{Heap after GC invocations=99 (full 5):
 garbage-first heap   total 63488K, used 22539K [0x000000008a200000, 0x0000000100000000)
  region size 1024K, 1 young (1024K), 1 survivors (1024K)
 Metaspace       used 46723K, committed 47168K, reserved 1114112K
  class space    used 5842K, committed 6016K, reserved 1048576K
}
Event: 99996.510 GC heap before
{Heap before GC invocations=99 (full 5):
 garbage-first heap   total 63488K, used 51211K [0x000000008a200000, 0x0000000100000000)
  region size 1024K, 29 young (29696K), 1 survivors (1024K)
 Metaspace       used 46734K, committed 47168K, reserved 1114112K
  class space    used 5842K, committed 6016K, reserved 1048576K
}
Event: 99996.548 GC heap after
{Heap after GC invocations=100 (full 5):
 garbage-first heap   total 63488K, used 22614K [0x000000008a200000, 0x0000000100000000)
  region size 1024K, 1 young (1024K), 1 survivors (1024K)
 Metaspace       used 46734K, committed 47168K, reserved 1114112K
  class space    used 5842K, committed 6016K, reserved 1048576K
}
Event: 101267.498 GC heap before
{Heap before GC invocations=100 (full 5):
 garbage-first heap   total 63488K, used 51286K [0x000000008a200000, 0x0000000100000000)
  region size 1024K, 29 young (29696K), 1 survivors (1024K)
 Metaspace       used 46736K, committed 47168K, reserved 1114112K
  class space    used 5842K, committed 6016K, reserved 1048576K
}
Event: 101267.500 GC heap after
{Heap after GC invocations=101 (full 5):
 garbage-first heap   total 63488K, used 22653K [0x000000008a200000, 0x0000000100000000)
  region size 1024K, 1 young (1024K), 1 survivors (1024K)
 Metaspace       used 46736K, committed 47168K, reserved 1114112K
  class space    used 5842K, committed 6016K, reserved 1048576K
}
Event: 102466.507 GC heap before
{Heap before GC invocations=101 (full 5):
 garbage-first heap   total 63488K, used 50301K [0x000000008a200000, 0x0000000100000000)
  region size 1024K, 28 young (28672K), 1 survivors (1024K)
 Metaspace       used 46736K, committed 47168K, reserved 1114112K
  class space    used 5842K, committed 6016K, reserved 1048576K
}
Event: 102466.509 GC heap after
{Heap after GC invocations=102 (full 5):
 garbage-first heap   total 63488K, used 22661K [0x000000008a200000, 0x0000000100000000)
  region size 1024K, 1 young (1024K), 1 survivors (1024K)
 Metaspace       used 46736K, committed 47168K, reserved 1114112K
  class space    used 5842K, committed 6016K, reserved 1048576K
}

Deoptimization events (20 events):
Event: 103714.425 Thread 0x00000186ff9a9050 Uncommon trap: trap_request=0xffffff45 fr.pc=0x00000186e9ac4ad4 relative=0x0000000000005174
Event: 103714.428 Thread 0x00000186ff9a9050 Uncommon trap: reason=unstable_if action=reinterpret pc=0x00000186e9ac4ad4 method=java.io.File.normalizedList()[Ljava/lang/String; @ 34 c2
Event: 103714.433 Thread 0x00000186ff9a9050 DEOPT PACKING pc=0x00000186e9ac4ad4 sp=0x00000015360ff540
Event: 103714.438 Thread 0x00000186ff9a9050 DEOPT UNPACKING pc=0x00000186e1dc23a3 sp=0x00000015360ff3a8 mode 2
Event: 103718.525 Thread 0x00000186ff9a9050 Uncommon trap: trap_request=0xffffff45 fr.pc=0x00000186e9abf0ac relative=0x000000000000066c
Event: 103718.530 Thread 0x00000186ff9a9050 Uncommon trap: reason=unstable_if action=reinterpret pc=0x00000186e9abf0ac method=java.io.File.normalizedList()[Ljava/lang/String; @ 34 c2
Event: 103718.532 Thread 0x00000186ff9a9050 DEOPT PACKING pc=0x00000186e9abf0ac sp=0x00000015360ff4d0
Event: 103718.537 Thread 0x00000186ff9a9050 DEOPT UNPACKING pc=0x00000186e1dc23a3 sp=0x00000015360ff430 mode 2
Event: 103720.002 Thread 0x00000186ff9a9050 Uncommon trap: trap_request=0xffffff54 fr.pc=0x00000186e9aefc88 relative=0x0000000000000748
Event: 103720.004 Thread 0x00000186ff9a9050 Uncommon trap: reason=speculate_null_assert action=make_not_entrant pc=0x00000186e9aefc88 method=org.springframework.util.ConcurrentReferenceHashMap$Segment.restructureIfNecessary(Z)V @ 41 c2
Event: 103720.006 Thread 0x00000186ff9a9050 DEOPT PACKING pc=0x00000186e9aefc88 sp=0x00000015360fef30
Event: 103720.007 Thread 0x00000186ff9a9050 DEOPT UNPACKING pc=0x00000186e1dc23a3 sp=0x00000015360fee48 mode 2
Event: 103720.008 Thread 0x00000186ff9a9050 Uncommon trap: trap_request=0xffffff54 fr.pc=0x00000186e994f204 relative=0x0000000000000244
Event: 103720.008 Thread 0x00000186ff9a9050 Uncommon trap: reason=speculate_null_assert action=make_not_entrant pc=0x00000186e994f204 method=org.springframework.util.ConcurrentReferenceHashMap$Segment.restructureIfNecessary(Z)V @ 41 c2
Event: 103720.008 Thread 0x00000186ff9a9050 DEOPT PACKING pc=0x00000186e994f204 sp=0x00000015360fee60
Event: 103720.010 Thread 0x00000186ff9a9050 DEOPT UNPACKING pc=0x00000186e1dc23a3 sp=0x00000015360fee38 mode 2
Event: 103720.197 Thread 0x00000186ff9a9050 Uncommon trap: trap_request=0xffffff45 fr.pc=0x00000186e9ce1f1c relative=0x000000000000027c
Event: 103720.198 Thread 0x00000186ff9a9050 Uncommon trap: reason=unstable_if action=reinterpret pc=0x00000186e9ce1f1c method=java.io.BufferedOutputStream.write([BII)V @ 6 c2
Event: 103720.198 Thread 0x00000186ff9a9050 DEOPT PACKING pc=0x00000186e9ce1f1c sp=0x00000015360fe9c0
Event: 103720.199 Thread 0x00000186ff9a9050 DEOPT UNPACKING pc=0x00000186e1dc23a3 sp=0x00000015360fe988 mode 2

Classes loaded (20 events):
Event: 2774.309 Loading class java/util/WeakHashMap$KeyIterator done
Event: 2774.309 Loading class java/util/concurrent/locks/AbstractQueuedSynchronizer$SharedNode
Event: 2774.309 Loading class java/util/concurrent/locks/AbstractQueuedSynchronizer$SharedNode done
Event: 2774.311 Loading class javax/management/ObjectName$PatternProperty
Event: 2774.311 Loading class javax/management/ObjectName$PatternProperty done
Event: 2774.314 Loading class java/util/AbstractMap$2
Event: 2774.316 Loading class java/util/AbstractMap$2 done
Event: 2774.317 Loading class java/util/AbstractMap$2$1
Event: 2774.317 Loading class java/util/AbstractMap$2$1 done
Event: 2774.351 Loading class java/lang/ref/Finalizer$2
Event: 2774.352 Loading class java/lang/ref/Finalizer$2 done
Event: 2774.352 Loading class java/lang/ref/Finalizer$1
Event: 2774.353 Loading class java/lang/ref/Finalizer$1 done
Event: 2774.532 Loading class jdk/internal/access/foreign/MemorySegmentProxy
Event: 2774.532 Loading class jdk/internal/access/foreign/MemorySegmentProxy done
Event: 7725.437 Loading class java/time/DurationEditor
Event: 7725.437 Loading class java/time/DurationEditor done
Event: 103720.356 Loading class java/lang/Throwable$WrappedPrintStream
Event: 103720.418 Loading class java/lang/Throwable$PrintStreamOrWriter
Event: 103720.434 Loading class java/lang/Throwable$PrintStreamOrWriter done

Classes unloaded (20 events):
Event: 9864.180 Thread 0x00000186f7825840 Unloading class 0x00000008011a1400 'java/lang/invoke/LambdaForm$MH+0x00000008011a1400'
Event: 9864.180 Thread 0x00000186f7825840 Unloading class 0x00000008011a0c00 'java/lang/invoke/LambdaForm$MH+0x00000008011a0c00'
Event: 9864.180 Thread 0x00000186f7825840 Unloading class 0x0000000801196c00 'java/lang/invoke/LambdaForm$MH+0x0000000801196c00'
Event: 9864.180 Thread 0x00000186f7825840 Unloading class 0x0000000801196800 'java/lang/invoke/LambdaForm$MH+0x0000000801196800'
Event: 9864.180 Thread 0x00000186f7825840 Unloading class 0x0000000801195000 'java/lang/invoke/LambdaForm$MH+0x0000000801195000'
Event: 9864.180 Thread 0x00000186f7825840 Unloading class 0x0000000801194c00 'java/lang/invoke/LambdaForm$MH+0x0000000801194c00'
Event: 9864.180 Thread 0x00000186f7825840 Unloading class 0x000000080118d000 'java/lang/invoke/LambdaForm$MH+0x000000080118d000'
Event: 9864.180 Thread 0x00000186f7825840 Unloading class 0x0000000800fba400 'java/lang/invoke/LambdaForm$MH+0x0000000800fba400'
Event: 9864.180 Thread 0x00000186f7825840 Unloading class 0x0000000800fb9c00 'java/lang/invoke/LambdaForm$MH+0x0000000800fb9c00'
Event: 9864.180 Thread 0x00000186f7825840 Unloading class 0x0000000800fb9800 'java/lang/invoke/LambdaForm$MH+0x0000000800fb9800'
Event: 9864.180 Thread 0x00000186f7825840 Unloading class 0x0000000800f44c00 'java/lang/invoke/LambdaForm$MH+0x0000000800f44c00'
Event: 9864.180 Thread 0x00000186f7825840 Unloading class 0x0000000800f2d000 'java/lang/invoke/LambdaForm$MH+0x0000000800f2d000'
Event: 9864.180 Thread 0x00000186f7825840 Unloading class 0x0000000800f2c400 'java/lang/invoke/LambdaForm$MH+0x0000000800f2c400'
Event: 9864.180 Thread 0x00000186f7825840 Unloading class 0x0000000800f10c00 'java/lang/invoke/LambdaForm$MH+0x0000000800f10c00'
Event: 9864.180 Thread 0x00000186f7825840 Unloading class 0x0000000800f01000 'java/lang/invoke/LambdaForm$MH+0x0000000800f01000'
Event: 9864.180 Thread 0x00000186f7825840 Unloading class 0x0000000800f00400 'java/lang/invoke/LambdaForm$MH+0x0000000800f00400'
Event: 9864.180 Thread 0x00000186f7825840 Unloading class 0x0000000800eed000 'java/lang/invoke/LambdaForm$MH+0x0000000800eed000'
Event: 9864.180 Thread 0x00000186f7825840 Unloading class 0x0000000800cb9000 'java/lang/invoke/LambdaForm$MH+0x0000000800cb9000'
Event: 9864.180 Thread 0x00000186f7825840 Unloading class 0x0000000800cac400 'java/lang/invoke/LambdaForm$MH+0x0000000800cac400'
Event: 9864.180 Thread 0x00000186f7825840 Unloading class 0x0000000800c0c800 'java/lang/invoke/LambdaForm$MH+0x0000000800c0c800'

Classes redefined (0 events):
No events

Internal exceptions (20 events):
Event: 7725.373 Thread 0x00000186ff9a4350 Exception <a 'java/io/FileNotFoundException'{0x000000008c33c550}> (0x000000008c33c550) 
thrown [s\open\src\hotspot\share\prims\jni.cpp, line 516]
Event: 9864.171 Thread 0x00000186ff9a8b80 Exception <a 'java/lang/InterruptedException'{0x000000008d3251e0}: sleep interrupted> (0x000000008d3251e0) 
thrown [s\open\src\hotspot\share\prims\jvm.cpp, line 3083]
Event: 9864.208 Thread 0x00000186ff9a9ec0 Exception <a 'sun/nio/fs/WindowsException'{0x0000000091771348}> (0x0000000091771348) 
thrown [s\open\src\hotspot\share\prims\jni.cpp, line 516]
Event: 9864.358 Thread 0x00000186ff9a9ec0 Exception <a 'java/lang/NoClassDefFoundError'{0x000000008cd95788}: org/flywaydb/core/Flyway> (0x000000008cd95788) 
thrown [s\open\src\hotspot\share\oops\constantPool.cpp, line 836]
Event: 9864.358 Thread 0x00000186ff9a9ec0 Exception <a 'java/lang/NoClassDefFoundError'{0x000000008cd95dd8}: liquibase/integration/spring/SpringLiquibase> (0x000000008cd95dd8) 
thrown [s\open\src\hotspot\share\oops\constantPool.cpp, line 836]
Event: 9864.360 Thread 0x00000186ff9a9ec0 Exception <a 'java/lang/NoClassDefFoundError'{0x000000008cdd3f38}: org/jooq/DSLContext> (0x000000008cdd3f38) 
thrown [s\open\src\hotspot\share\oops\constantPool.cpp, line 836]
Event: 9864.360 Thread 0x00000186ff9a9ec0 Exception <a 'java/lang/NoClassDefFoundError'{0x000000008cdd9638}: org/springframework/batch/core/repository/JobRepository> (0x000000008cdd9638) 
thrown [s\open\src\hotspot\share\oops\constantPool.cpp, line 836]
Event: 9864.360 Thread 0x00000186ff9a9ec0 Exception <a 'java/lang/NoClassDefFoundError'{0x000000008cdd9c80}: org/quartz/Scheduler> (0x000000008cdd9c80) 
thrown [s\open\src\hotspot\share\oops\constantPool.cpp, line 836]
Event: 9864.360 Thread 0x00000186ff9a9ec0 Exception <a 'java/lang/NoClassDefFoundError'{0x000000008cdda2f0}: org/springframework/session/jdbc/JdbcIndexedSessionRepository> (0x000000008cdda2f0) 
thrown [s\open\src\hotspot\share\oops\constantPool.cpp, line 836]
Event: 9864.385 Thread 0x00000186ff9a9ec0 Exception <a 'sun/nio/fs/WindowsException'{0x000000008c73a370}> (0x000000008c73a370) 
thrown [s\open\src\hotspot\share\prims\jni.cpp, line 516]
Event: 9864.385 Thread 0x00000186ff9a9ec0 Exception <a 'sun/nio/fs/WindowsException'{0x000000008c73a9d8}> (0x000000008c73a9d8) 
thrown [s\open\src\hotspot\share\prims\jni.cpp, line 516]
Event: 9864.385 Thread 0x00000186ff9a9ec0 Exception <a 'sun/nio/fs/WindowsException'{0x000000008c73b0b0}> (0x000000008c73b0b0) 
thrown [s\open\src\hotspot\share\prims\jni.cpp, line 516]
Event: 9864.393 Thread 0x00000186ff9a9ec0 Exception <a 'java/io/FileNotFoundException'{0x000000008c7751c8}> (0x000000008c7751c8) 
thrown [s\open\src\hotspot\share\prims\jni.cpp, line 516]
Event: 9864.404 Thread 0x00000186ff9a9ec0 Exception <a 'java/io/FileNotFoundException'{0x000000008c6ca608}> (0x000000008c6ca608) 
thrown [s\open\src\hotspot\share\prims\jni.cpp, line 516]
Event: 13347.230 Thread 0x00000186ff9a5b60 Implicit null exception at 0x00000186e9a1b4ae to 0x00000186e9a21248
Event: 73890.224 Thread 0x00000186ff9a9ec0 Implicit null exception at 0x00000186e9cceb02 to 0x00000186e9cd0e58
Event: 73977.781 Thread 0x00000186ff9a9ec0 Implicit null exception at 0x00000186e9cc3423 to 0x00000186e9cc4018
Event: 103714.422 Thread 0x00000186ff9a9050 Implicit null exception at 0x00000186e9ac0f0f to 0x00000186e9ac4a94
Event: 103718.523 Thread 0x00000186ff9a9050 Implicit null exception at 0x00000186e9abebc9 to 0x00000186e9abf09c
Event: 103720.264 Thread 0x00000186ff9a9050 Exception <a 'java/lang/OutOfMemoryError'{0x000000008c6d89a0}: unable to create native thread: possibly out of memory or process/resource limits reached> (0x000000008c6d89a0) 
thrown [s\open\src\hotspot\share\prims\jvm.cpp, line 2936]

VM Operations (20 events):
Event: 94878.644 Executing VM operation: G1CollectForAllocation
Event: 94878.657 Executing VM operation: G1CollectForAllocation done
Event: 96137.500 Executing VM operation: G1CollectForAllocation
Event: 96137.501 Executing VM operation: G1CollectForAllocation done
Event: 97005.706 Executing VM operation: Cleanup
Event: 97005.706 Executing VM operation: Cleanup done
Event: 97069.227 Executing VM operation: Cleanup
Event: 97069.227 Executing VM operation: Cleanup done
Event: 97390.498 Executing VM operation: G1CollectForAllocation
Event: 97390.510 Executing VM operation: G1CollectForAllocation done
Event: 98713.498 Executing VM operation: G1CollectForAllocation
Event: 98713.500 Executing VM operation: G1CollectForAllocation done
Event: 99996.509 Executing VM operation: G1CollectForAllocation
Event: 99996.548 Executing VM operation: G1CollectForAllocation done
Event: 100372.206 Executing VM operation: Cleanup
Event: 100372.206 Executing VM operation: Cleanup done
Event: 101267.498 Executing VM operation: G1CollectForAllocation
Event: 101267.500 Executing VM operation: G1CollectForAllocation done
Event: 102466.506 Executing VM operation: G1CollectForAllocation
Event: 102466.509 Executing VM operation: G1CollectForAllocation done

Events (20 events):
Event: 102298.679 Thread 0x00000186ff9a4350 Thread added: 0x00000186ff9a4350
Event: 102298.680 Thread 0x00000186ff9a81e0 Thread added: 0x00000186ff9a81e0
Event: 102305.753 Thread 0x00000186ff9a81e0 Thread exited: 0x00000186ff9a81e0
Event: 102305.753 Thread 0x00000186ff9a4350 Thread exited: 0x00000186ff9a4350
Event: 102319.364 Thread 0x00000186ff9a4350 Thread added: 0x00000186ff9a4350
Event: 102319.364 Thread 0x00000186ff9a81e0 Thread added: 0x00000186ff9a81e0
Event: 102324.372 Thread 0x00000186ff9a4350 Thread exited: 0x00000186ff9a4350
Event: 102324.410 Thread 0x00000186ff9a81e0 Thread exited: 0x00000186ff9a81e0
Event: 102378.107 Thread 0x00000186ff9a4350 Thread added: 0x00000186ff9a4350
Event: 102378.108 Thread 0x00000186ff9a81e0 Thread added: 0x00000186ff9a81e0
Event: 102383.122 Thread 0x00000186ff9a81e0 Thread exited: 0x00000186ff9a81e0
Event: 102383.122 Thread 0x00000186ff9a4350 Thread exited: 0x00000186ff9a4350
Event: 102384.244 Thread 0x00000186ff9a81e0 Thread added: 0x00000186ff9a81e0
Event: 102384.245 Thread 0x00000186ff9a4350 Thread added: 0x00000186ff9a4350
Event: 102389.429 Thread 0x00000186ff9a4350 Thread exited: 0x00000186ff9a4350
Event: 102389.429 Thread 0x00000186ff9a81e0 Thread exited: 0x00000186ff9a81e0
Event: 102440.872 Thread 0x00000186ff9a81e0 Thread added: 0x00000186ff9a81e0
Event: 102440.872 Thread 0x00000186ff9a4350 Thread added: 0x00000186ff9a4350
Event: 102445.887 Thread 0x00000186ff9a4350 Thread exited: 0x00000186ff9a4350
Event: 102445.887 Thread 0x00000186ff9a81e0 Thread exited: 0x00000186ff9a81e0


Dynamic libraries:
0x00007ff7103e0000 - 0x00007ff7103f0000 	C:\Program Files\Java\jdk-18.0.2.1\bin\java.exe
0x00007ffd853f0000 - 0x00007ffd85604000 	C:\WINDOWS\SYSTEM32\ntdll.dll
0x00007ffd83ac0000 - 0x00007ffd83b82000 	C:\WINDOWS\System32\KERNEL32.DLL
0x00007ffd82820000 - 0x00007ffd82bbc000 	C:\WINDOWS\System32\KERNELBASE.dll
0x00007ffd83010000 - 0x00007ffd83121000 	C:\WINDOWS\System32\ucrtbase.dll
0x00007ffd785b0000 - 0x00007ffd785ca000 	C:\Program Files\Java\jdk-18.0.2.1\bin\VCRUNTIME140.dll
0x00007ffd667e0000 - 0x00007ffd667f8000 	C:\Program Files\Java\jdk-18.0.2.1\bin\jli.dll
0x00007ffd850d0000 - 0x00007ffd8517e000 	C:\WINDOWS\System32\ADVAPI32.dll
0x00007ffd844e0000 - 0x00007ffd84587000 	C:\WINDOWS\System32\msvcrt.dll
0x00007ffd83a10000 - 0x00007ffd83ab4000 	C:\WINDOWS\System32\sechost.dll
0x00007ffd85180000 - 0x00007ffd85295000 	C:\WINDOWS\System32\RPCRT4.dll
0x00007ffd833d0000 - 0x00007ffd8357a000 	C:\WINDOWS\System32\USER32.dll
0x00007ffd82d30000 - 0x00007ffd82d56000 	C:\WINDOWS\System32\win32u.dll
0x00007ffd81a90000 - 0x00007ffd81d1e000 	C:\WINDOWS\WinSxS\amd64_microsoft.windows.common-controls_6595b64144ccf1df_6.0.22621.608_none_a9444ca7c10bb01d\COMCTL32.dll
0x00007ffd84bb0000 - 0x00007ffd84bd9000 	C:\WINDOWS\System32\GDI32.dll
0x00007ffd82dd0000 - 0x00007ffd82ee2000 	C:\WINDOWS\System32\gdi32full.dll
0x00007ffd82ef0000 - 0x00007ffd82f8a000 	C:\WINDOWS\System32\msvcp_win.dll
0x00007ffd80ba0000 - 0x00007ffd80baa000 	C:\WINDOWS\SYSTEM32\VERSION.dll
0x00007ffd83580000 - 0x00007ffd835b1000 	C:\WINDOWS\System32\IMM32.DLL
0x00007ffd69f50000 - 0x00007ffd69f5c000 	C:\Program Files\Java\jdk-18.0.2.1\bin\vcruntime140_1.dll
0x00007ffd56370000 - 0x00007ffd563fd000 	C:\Program Files\Java\jdk-18.0.2.1\bin\msvcp140.dll
0x00007ffd17100000 - 0x00007ffd17d11000 	C:\Program Files\Java\jdk-18.0.2.1\bin\server\jvm.dll
0x00007ffd835c0000 - 0x00007ffd835c8000 	C:\WINDOWS\System32\PSAPI.DLL
0x00007ffd79140000 - 0x00007ffd79174000 	C:\WINDOWS\SYSTEM32\WINMM.dll
0x00007ffd4edc0000 - 0x00007ffd4edc9000 	C:\WINDOWS\SYSTEM32\WSOCK32.dll
0x00007ffd83900000 - 0x00007ffd83971000 	C:\WINDOWS\System32\WS2_32.dll
0x00007ffd80990000 - 0x00007ffd809a8000 	C:\WINDOWS\SYSTEM32\kernel.appcore.dll
0x00007ffd62340000 - 0x00007ffd6234a000 	C:\Program Files\Java\jdk-18.0.2.1\bin\jimage.dll
0x00007ffd82290000 - 0x00007ffd824be000 	C:\WINDOWS\SYSTEM32\DBGHELP.DLL
0x00007ffd84d40000 - 0x00007ffd850c9000 	C:\WINDOWS\System32\combase.dll
0x00007ffd83b90000 - 0x00007ffd83c67000 	C:\WINDOWS\System32\OLEAUT32.dll
0x00007ffd82010000 - 0x00007ffd82042000 	C:\WINDOWS\SYSTEM32\dbgcore.DLL
0x00007ffd82f90000 - 0x00007ffd8300b000 	C:\WINDOWS\System32\bcryptPrimitives.dll
0x00007ffd69f20000 - 0x00007ffd69f45000 	C:\Program Files\Java\jdk-18.0.2.1\bin\java.dll
0x00007ffd564b0000 - 0x00007ffd56586000 	C:\Program Files\Java\jdk-18.0.2.1\bin\jsvml.dll
0x00007ffd83c70000 - 0x00007ffd8444d000 	C:\WINDOWS\System32\SHELL32.dll
0x00007ffd7f970000 - 0x00007ffd80227000 	C:\WINDOWS\SYSTEM32\windows.storage.dll
0x00007ffd7f830000 - 0x00007ffd7f96d000 	C:\WINDOWS\SYSTEM32\wintypes.dll
0x00007ffd852a0000 - 0x00007ffd85391000 	C:\WINDOWS\System32\SHCORE.dll
0x00007ffd83630000 - 0x00007ffd8368e000 	C:\WINDOWS\System32\shlwapi.dll
0x00007ffd82750000 - 0x00007ffd82771000 	C:\WINDOWS\SYSTEM32\profapi.dll
0x00007ffd5b530000 - 0x00007ffd5b543000 	C:\Program Files\Java\jdk-18.0.2.1\bin\net.dll
0x00007ffd7ad50000 - 0x00007ffd7ae7f000 	C:\WINDOWS\SYSTEM32\WINHTTP.dll
0x00007ffd80dd0000 - 0x00007ffd80e39000 	C:\WINDOWS\system32\mswsock.dll
0x00007ffd56600000 - 0x00007ffd56616000 	C:\Program Files\Java\jdk-18.0.2.1\bin\nio.dll
0x00007ffd565e0000 - 0x00007ffd565f8000 	C:\Program Files\Java\jdk-18.0.2.1\bin\zip.dll
0x00007ffd622e0000 - 0x00007ffd622f0000 	C:\Program Files\Java\jdk-18.0.2.1\bin\verify.dll
0x00007ffd5cd90000 - 0x00007ffd5cd99000 	C:\Program Files\Java\jdk-18.0.2.1\bin\management.dll
0x00007ffd5b520000 - 0x00007ffd5b52b000 	C:\Program Files\Java\jdk-18.0.2.1\bin\management_ext.dll
0x00007ffd62010000 - 0x00007ffd62027000 	C:\WINDOWS\system32\napinsp.dll
0x00007ffd61ff0000 - 0x00007ffd6200b000 	C:\WINDOWS\system32\pnrpnsp.dll
0x00007ffd804f0000 - 0x00007ffd805e2000 	C:\WINDOWS\SYSTEM32\DNSAPI.dll
0x00007ffd804c0000 - 0x00007ffd804ed000 	C:\WINDOWS\SYSTEM32\IPHLPAPI.DLL
0x00007ffd83690000 - 0x00007ffd83699000 	C:\WINDOWS\System32\NSI.dll
0x00007ffd61fd0000 - 0x00007ffd61fe1000 	C:\WINDOWS\System32\winrnr.dll
0x00007ffd78720000 - 0x00007ffd78735000 	C:\WINDOWS\system32\wshbth.dll
0x00007ffd61fa0000 - 0x00007ffd61fc1000 	C:\WINDOWS\system32\nlansp_c.dll
0x00007ffd78880000 - 0x00007ffd7888a000 	C:\Windows\System32\rasadhlp.dll
0x00007ffd78690000 - 0x00007ffd78713000 	C:\WINDOWS\System32\fwpuclnt.dll
0x00007ffd824c0000 - 0x00007ffd824db000 	C:\WINDOWS\SYSTEM32\CRYPTSP.dll
0x00007ffd80900000 - 0x00007ffd80935000 	C:\WINDOWS\system32\rsaenh.dll
0x00007ffd81760000 - 0x00007ffd81788000 	C:\WINDOWS\SYSTEM32\USERENV.dll
0x00007ffd82050000 - 0x00007ffd82078000 	C:\WINDOWS\SYSTEM32\bcrypt.dll
0x00007ffd818b0000 - 0x00007ffd818bc000 	C:\WINDOWS\SYSTEM32\CRYPTBASE.dll
0x00007ffd78e80000 - 0x00007ffd78e99000 	C:\WINDOWS\SYSTEM32\dhcpcsvc6.DLL
0x00007ffd78e60000 - 0x00007ffd78e7f000 	C:\WINDOWS\SYSTEM32\dhcpcsvc.DLL
0x00007ffd7e740000 - 0x00007ffd7e74e000 	C:\Program Files\Java\jdk-18.0.2.1\bin\sunmscapi.dll
0x00007ffd82bc0000 - 0x00007ffd82d26000 	C:\WINDOWS\System32\CRYPT32.dll
0x00007ffd81a60000 - 0x00007ffd81a8d000 	C:\WINDOWS\SYSTEM32\ncrypt.dll
0x00007ffd81a20000 - 0x00007ffd81a57000 	C:\WINDOWS\SYSTEM32\NTASN1.dll

dbghelp: loaded successfully - version: 4.0.5 - missing functions: none
symbol engine: initialized successfully - sym options: 0x614 - pdb path: .;C:\Program Files\Java\jdk-18.0.2.1\bin;C:\WINDOWS\SYSTEM32;C:\WINDOWS\WinSxS\amd64_microsoft.windows.common-controls_6595b64144ccf1df_6.0.22621.608_none_a9444ca7c10bb01d;C:\Program Files\Java\jdk-18.0.2.1\bin\server

VM Arguments:
java_command: com.portfolio.ifinacho.IfinachoApplication
java_class_path (initial): C:\Users\ifina\Documents\Argentina Programa\Proyecto Final\IgnacioFranciscoIba-ez_ProyectoFinal\IgnacioFranciscoIba-ez_ProyectoFinal\BackEnd\target\classes;C:\Users\ifina\.m2\repository\org\springframework\boot\spring-boot-starter-data-jpa\2.7.5\spring-boot-starter-data-jpa-2.7.5.jar;C:\Users\ifina\.m2\repository\org\springframework\boot\spring-boot-starter-aop\2.7.5\spring-boot-starter-aop-2.7.5.jar;C:\Users\ifina\.m2\repository\org\springframework\spring-aop\5.3.23\spring-aop-5.3.23.jar;C:\Users\ifina\.m2\repository\org\aspectj\aspectjweaver\1.9.7\aspectjweaver-1.9.7.jar;C:\Users\ifina\.m2\repository\org\springframework\boot\spring-boot-starter-jdbc\2.7.5\spring-boot-starter-jdbc-2.7.5.jar;C:\Users\ifina\.m2\repository\com\zaxxer\HikariCP\4.0.3\HikariCP-4.0.3.jar;C:\Users\ifina\.m2\repository\org\springframework\spring-jdbc\5.3.23\spring-jdbc-5.3.23.jar;C:\Users\ifina\.m2\repository\jakarta\transaction\jakarta.transaction-api\1.3.3\jakarta.transaction-api-1.3.3.jar;C:\Users\ifina\.m2\repository\jakarta\persistence\jakarta.persistence-api\2.2.3\jakarta.persistence-api-2.2.3.jar;C:\Users\ifina\.m2\repository\org\hibernate\hibernate-core\5.6.12.Final\hibernate-core-5.6.12.Final.jar;C:\Users\ifina\.m2\repository\org\jboss\logging\jboss-logging\3.4.3.Final\jboss-logging-3.4.3.Final.jar;C:\Users\ifina\.m2\repository\net\bytebuddy\byte-buddy\1.12.18\byte-buddy-1.12.18.jar;C:\Users\ifina\.m2\repository\antlr\antlr\2.7.7\antlr-2.7.7.jar;C:\Users\ifina\.m2\repository\org\jboss\jandex\2.4.2.Final\jandex-2.4.2.Final.jar;C:\Users\ifina\.m2\repository\com\fasterxml\classmate\1.5.1\classmate-1.5.1.jar;C:\Users\ifina\.m2\repository\org\hibernate\common\hibernate-commons-annotations\5.1.2.Final\hibernate-commons-annotations-5.1.2.Final.jar;C:\Users\ifina\.m2\repository\org\glassfish\jaxb\jaxb-runtime\2.3.7\jaxb-runtime-2.3.7.jar;C:\Users\ifina\.m2\repository\org\glassfish\jaxb\txw2\2.3.7\txw2-2.3.7.jar;C:\Users\ifina\.m2\repository\com\sun\istack\istack-commons-runtime\3.0.12\istack-commons-runtime-3.0.12.jar;C:\Users\ifina\.m2\repository\com\sun\activation\jakarta.activation\1.2.2\jakarta.activation-1.2.2.jar;C:\Users\ifina\.m2\repository\org\springframework\data\spring-data-jpa\2.7.5\spring-data-jpa-2.7.5.jar;C:\Users\ifina\.m2\repository\org\springframework\data\spring-data-commons\2.7.5\spring-data-commons-2.7.5.jar;C:\Users\ifina\.m2\repository\org\springframework\spring-orm\5.3.23\spring-orm-5.3.23.jar;C:\Users\ifina\.m2\repository\org\springframework\spring-context\5.3.23\spring-context-5.3.23.jar;C:\Users\ifina\.m2\repository\org\springframework\spring-tx\5.3.23\spring-tx-5.3.23.jar;C:\Users\ifina\.m2\repository\org\springframework\spring-beans\5.3.23\spring-beans-5.3.23.jar;C:\Users\ifina\.m2\repository\org\slf4j\slf4j-api\1.7.36\slf4j-api-1.7.36.jar;C:\Users\ifina\.m2\repository\org\springframework\spring-aspects\5.3.23\spring-aspects-5.3.23.jar;C:\Users\ifina\.m2\repository\org\springframework\boot\spring-boot-starter-validation\2.7.5\spring-boot-starter-validation-2.7.5.jar;C:\Users\ifina\.m2\repository\org\springframework\boot\spring-boot-starter\2.7.5\spring-boot-starter-2.7.5.jar;C:\Users\ifina\.m2\repository\org\springframework\boot\spring-boot-starter-logging\2.7.5\spring-boot-starter-logging-2.7.5.jar;C:\Users\ifina\.m2\repository\ch\qos\logback\logback-classic\1.2.11\logback-classic-1.2.11.jar;C:\Users\ifina\.m2\repository\ch\qos\logback\logback-core\1.2.11\logback-core-1.2.11.jar;C:\Users\ifina\.m2\repository\org\apache\logging\log4j\log4j-to-slf4j\2.17.2\log4j-to-slf4j-2.17.2.jar;C:\Users\ifina\.m2\repository\org\apache\logging\log4j\log4j-api\2.17.2\log4j-api-2.17.2.jar;C:\Users\ifina\.m2\repository\org\slf4j\jul-to-slf4j\1.7.36\jul-to-slf4j-1.7.36.jar;C:\Users\ifina\.m2\repository\jakarta\annotation\jakarta.annotation-api\1.3.5\jakarta.annotation-api-1.3.5.jar;C:\Users\ifina\.m2\repository\org\yaml\snakeyaml\1.30\snakeyaml-1.30.jar;C:\Users\ifina\.m2\repository\org\apache\tomcat\embed\tomcat-embed-el\9.0.68\tomcat-embed-el-9.0.68.jar;C:\Users\ifina\.m2\repository\org\hibernate\validator\hibernate-validator\6.2.5.Final\hibernate-validator-6.2.5.Final.jar;C:\Users\ifina\.m2\repository\jakarta\validation\jakarta.validation-api\2.0.2\jakarta.validation-api-2.0.2.jar;C:\Users\ifina\.m2\repository\org\springframework\boot\spring-boot-starter-web\2.7.5\spring-boot-starter-web-2.7.5.jar;C:\Users\ifina\.m2\repository\org\springframework\boot\spring-boot-starter-json\2.7.5\spring-boot-starter-json-2.7.5.jar;C:\Users\ifina\.m2\repository\com\fasterxml\jackson\core\jackson-databind\2.13.4.2\jackson-databind-2.13.4.2.jar;C:\Users\ifina\.m2\repository\com\fasterxml\jackson\core\jackson-annotations\2.13.4\jackson-annotations-2.13.4.jar;C:\Users\ifina\.m2\repository\com\fasterxml\jackson\core\jackson-core\2.13.4\jackson-core-2.13.4.jar;C:\Users\ifina\.m2\repository\com\fasterxml\jackson\datatype\jackson-datatype-jdk8\2.13.4\jackson-datatype-jdk8-2.13.4.jar;C:\Users\ifina\.m2\repository\com\fasterxml\jackson\datatype\jackson-datatype-jsr310\2.13.4\jackson-datatype-jsr310-2.13.4.jar;C:\Users\ifina\.m2\repository\com\fasterxml\jackson\module\jackson-module-parameter-names\2.13.4\jackson-module-parameter-names-2.13.4.jar;C:\Users\ifina\.m2\repository\org\springframework\boot\spring-boot-starter-tomcat\2.7.5\spring-boot-starter-tomcat-2.7.5.jar;C:\Users\ifina\.m2\repository\org\apache\tomcat\embed\tomcat-embed-core\9.0.68\tomcat-embed-core-9.0.68.jar;C:\Users\ifina\.m2\repository\org\apache\tomcat\embed\tomcat-embed-websocket\9.0.68\tomcat-embed-websocket-9.0.68.jar;C:\Users\ifina\.m2\repository\org\springframework\spring-web\5.3.23\spring-web-5.3.23.jar;C:\Users\ifina\.m2\repository\org\springframework\spring-webmvc\5.3.23\spring-webmvc-5.3.23.jar;C:\Users\ifina\.m2\repository\org\springframework\spring-expression\5.3.23\spring-expression-5.3.23.jar;C:\Users\ifina\.m2\repository\org\springframework\boot\spring-boot-devtools\2.7.5\spring-boot-devtools-2.7.5.jar;C:\Users\ifina\.m2\repository\org\springframework\boot\spring-boot\2.7.5\spring-boot-2.7.5.jar;C:\Users\ifina\.m2\repository\org\springframework\boot\spring-boot-autoconfigure\2.7.5\spring-boot-autoconfigure-2.7.5.jar;C:\Users\ifina\.m2\repository\com\mysql\mysql-connector-j\8.0.31\mysql-connector-j-8.0.31.jar;C:\Users\ifina\.m2\repository\org\projectlombok\lombok\1.18.24\lombok-1.18.24.jar;C:\Users\ifina\.m2\repository\jakarta\xml\bind\jakarta.xml.bind-api\2.3.3\jakarta.xml.bind-api-2.3.3.jar;C:\Users\ifina\.m2\repository\jakarta\activation\jakarta.activation-api\1.2.2\jakarta.activation-api-1.2.2.jar;C:\Users\ifina\.m2\repository\org\springframework\spring-core\5.3.23\spring-core-5.3.23.jar;C:\Users\ifina\.m2\repository\org\springframework\spring-jcl\5.3.23\spring-jcl-5.3.23.jar
Launcher Type: SUN_STANDARD

[Global flags]
     intx CICompilerCount                          = 3                                         {product} {ergonomic}
     uint ConcGCThreads                            = 2                                         {product} {ergonomic}
     uint G1ConcRefinementThreads                  = 6                                         {product} {ergonomic}
   size_t G1HeapRegionSize                         = 1048576                                   {product} {ergonomic}
    uintx GCDrainStackTargetSize                   = 64                                        {product} {ergonomic}
   size_t InitialHeapSize                          = 123731968                                 {product} {ergonomic}
   size_t MarkStackSize                            = 4194304                                   {product} {ergonomic}
   size_t MaxHeapSize                              = 1977614336                                {product} {ergonomic}
   size_t MaxNewSize                               = 1185939456                                {product} {ergonomic}
   size_t MinHeapDeltaBytes                        = 1048576                                   {product} {ergonomic}
   size_t MinHeapSize                              = 8388608                                   {product} {ergonomic}
    uintx NonNMethodCodeHeapSize                   = 5832780                                {pd product} {ergonomic}
    uintx NonProfiledCodeHeapSize                  = 122912730                              {pd product} {ergonomic}
    uintx ProfiledCodeHeapSize                     = 122912730                              {pd product} {ergonomic}
    uintx ReservedCodeCacheSize                    = 251658240                              {pd product} {ergonomic}
     bool SegmentedCodeCache                       = true                                      {product} {ergonomic}
   size_t SoftMaxHeapSize                          = 1977614336                             {manageable} {ergonomic}
     bool UseCompressedClassPointers               = true                           {product lp64_product} {ergonomic}
     bool UseCompressedOops                        = true                           {product lp64_product} {ergonomic}
     bool UseG1GC                                  = true                                      {product} {ergonomic}
     bool UseLargePagesIndividualAllocation        = false                                  {pd product} {ergonomic}

Logging:
Log output configuration:
 #0: stdout all=warning uptime,level,tags foldmultilines=false
 #1: stderr all=off uptime,level,tags foldmultilines=false

Environment Variables:
JAVA_HOME=C:\Program Files\Java\jdk-18.0.2.1
PATH=C:\Program Files\Common Files\Oracle\Java\javapath;C:\Program Files (x86)\Common Files\Oracle\Java\javapath;C:\Python310\Scripts\;C:\Python310\;C:\WINDOWS\system32;C:\WINDOWS;C:\WINDOWS\System32\Wbem;C:\WINDOWS\System32\WindowsPowerShell\v1.0\;C:\WINDOWS\System32\OpenSSH\;C:\Program Files\Git\cmd;C:\Program Files\nodejs\;C:\Program Files\MySQL\MySQL Shell 8.0\bin\;C:\Users\ifina\AppData\Local\Microsoft\WindowsApps;C:\Users\ifina\AppData\Local\Programs\Microsoft VS Code\bin;C:\Program Files\heroku\bin;C:\Users\ifina\AppData\Local\GitHubDesktop\bin;C:\Users\ifina\AppData\Roaming\npm
USERNAME=ifina
OS=Windows_NT
PROCESSOR_IDENTIFIER=AMD64 Family 23 Model 96 Stepping 1, AuthenticAMD



---------------  S Y S T E M  ---------------

OS:
 Windows 11 , 64 bit Build 22621 (10.0.22621.608)
OS uptime: 3 days 12:24 hours

CPU: total 6 (initial active 6) (6 cores per cpu, 1 threads per core) family 23 model 96 stepping 1 microcode 0x0, cx8, cmov, fxsr, mmx, 3dnowpref, sse, sse2, sse3, ssse3, sse4a, sse4.1, sse4.2, popcnt, lzcnt, tsc, tscinvbit, avx, avx2, aes, clmul, bmi1, bmi2, adx, sha, fma, vzeroupper, clflush, clflushopt

Memory: 4k page, system-wide physical 7541M (197M free)
TotalPageFile size 31093M (AvailPageFile size 0M)
current process WorkingSet (physical memory assigned to process): 17M, peak: 226M
current process commit charge ("private bytes"): 243M, peak: 261M

vm_info: Java HotSpot(TM) 64-Bit Server VM (18.0.2.1+1-1) for windows-amd64 JRE (18.0.2.1+1-1), built on Aug 16 2022 01:46:33 by "mach5one" with MS VC++ 16.8 / 16.9 (VS2019)

END.
